#
# A fatal error has been detected by the Java Runtime Environment:
#
#  SIGSEGV (0xb) at pc=0x000000019a6f1c7b, pid=9045, tid=42755
#
# JRE version: 7.0_13-b20
# Java VM: Java HotSpot(TM) 64-Bit Server VM (23.7-b01 mixed mode bsd-amd64 compressed oops)
# Problematic frame:
# C  [GLEngine+0xc0c7b]  gleRunVertexSubmitImmediate+0x137b
#
# Failed to write core dump. Core dumps have been disabled. To enable core dumping, try "ulimit -c unlimited" before starting Java again
#
# If you would like to submit a bug report, please visit:
#   http://bugreport.sun.com/bugreport/crash.jsp
# The crash happened outside the Java Virtual Machine in native code.
# See problematic frame for where to report the bug.
#

---------------  T H R E A D  ---------------

Current thread (0x00007fdc7a0be000):  JavaThread "AWT-EventQueue-0" [_thread_in_native, id=42755, stack(0x000000019be76000,0x000000019bf76000)]

siginfo:si_signo=SIGSEGV: si_errno=0, si_code=1 (SEGV_MAPERR), si_addr=0x0000000000000000

Registers:
RAX=0x0000000000000000, RBX=0x00000000000b0d03, RCX=0x000000019a6f1c7b, RDX=0x000000019a6f31e4
RSP=0x000000019bf739b0, RBP=0x000000019bf73b40, RSI=0x0000000000000000, RDI=0x0000000000049000
R8 =0x00007fdc80031a00, R9 =0x0000000000000000, R10=0x0000000000124000, R11=0x0000000000000006
R12=0x00007fdc7e6653f8, R13=0x0000000000000000, R14=0x0000000000000003, R15=0x0000000000049000
RIP=0x000000019a6f1c7b, EFLAGS=0x0000000000010207, ERR=0x0000000000000004
  TRAPNO=0x000000000000000e

Top of Stack: (sp=0x000000019bf739b0)
0x000000019bf739b0:   000000019bdae000 00007fdc7e664ec0
0x000000019bf739c0:   00007fdc80031b50 00007fdc80031b60
0x000000019bf739d0:   00007fdc80031ba0 00007fdc80031b70
0x000000019bf739e0:   00007fdc80031b80 00007fdc80031bb0
0x000000019bf739f0:   00007fdc80031b90 00007fdc80031bd0
0x000000019bf73a00:   0000000000000000 0000000000000000
0x000000019bf73a10:   fffffffe00000003 0000000000000001
0x000000019bf73a20:   ffffffff7a39d000 00007fdc80031a00
0x000000019bf73a30:   0000000000000001 00007fdc80031bc0
0x000000019bf73a40:   00000c3300000000 00007fdc7e6653f8
0x000000019bf73a50:   0000000000000000 000000019bf73af4
0x000000019bf73a60:   000000019bf73af0 0000000000000000
0x000000019bf73a70:   00007fdc7e665368 000000019bf73aec
0x000000019bf73a80:   00007fdc7e665384 00007fdc7e665380
0x000000019bf73a90:   0000000000000000 0000000000000000
0x000000019bf73aa0:   0000000000000000 0000000000000000
0x000000019bf73ab0:   0000000000000912 0000000000000000
0x000000019bf73ac0:   00007fdc7e665368 00007fdc80031a00
0x000000019bf73ad0:   0000000000000000 00000001a130aa90
0x000000019bf73ae0:   00000001a1317f00 000000019db92000
0x000000019bf73af0:   00007fdc800357d0 00007fdc800359e0
0x000000019bf73b00:   00007fdc80073ba0 00007fdc80031a00
0x000000019bf73b10:   da098257de5724f4 00007fdc80031a00
0x000000019bf73b20:   0000000000000912 0000000000000000
0x000000019bf73b30:   0000000000000912 00000000000004d4
0x000000019bf73b40:   000000019bf73c40 000000019a6e4d67
0x000000019bf73b50:   0001260300012500 0000000000000800
0x000000019bf73b60:   0000000000000007 0000000000000002
0x000000019bf73b70:   00007fdc800739f8 00007fdc80073828
0x000000019bf73b80:   000000009bf73bd0 0000000000000000
0x000000019bf73b90:   000000019bdaf740 0000000000000001
0x000000019bf73ba0:   000000019c0a4000 00007fdc80031a00 

Instructions: (pc=0x000000019a6f1c7b)
0x000000019a6f1c5b:   11 45 80 e9 51 f5 ff ff f3 0f 10 00 f3 0f 11 45
0x000000019a6f1c6b:   80 f3 0f 10 40 04 f3 0f 11 45 84 e9 39 f5 ff ff
0x000000019a6f1c7b:   f3 0f 10 00 f3 0f 11 45 80 f3 0f 10 40 04 f3 0f
0x000000019a6f1c8b:   11 45 84 f3 0f 10 40 08 f3 0f 11 45 88 e9 17 f5 

Register to memory mapping:

RAX=0x0000000000000000 is an unknown value
RBX=0x00000000000b0d03 is an unknown value
RCX=0x000000019a6f1c7b: gleRunVertexSubmitImmediate+0x137b in /System/Library/Frameworks/OpenGL.framework/Resources/GLEngine.bundle/GLEngine at 0x000000019a631000
RDX=0x000000019a6f31e4: gleRunVertexSubmitImmediate+0x28e4 in /System/Library/Frameworks/OpenGL.framework/Resources/GLEngine.bundle/GLEngine at 0x000000019a631000
RSP=0x000000019bf739b0 is pointing into the stack for thread: 0x00007fdc7a0be000
RBP=0x000000019bf73b40 is pointing into the stack for thread: 0x00007fdc7a0be000
RSI=0x0000000000000000 is an unknown value
RDI=0x0000000000049000 is an unknown value
R8 =0x00007fdc80031a00 is an unknown value
R9 =0x0000000000000000 is an unknown value
R10=0x0000000000124000 is an unknown value
R11=0x0000000000000006 is an unknown value
R12=0x00007fdc7e6653f8 is an unknown value
R13=0x0000000000000000 is an unknown value
R14=0x0000000000000003 is an unknown value
R15=0x0000000000049000 is an unknown value


Stack: [0x000000019be76000,0x000000019bf76000],  sp=0x000000019bf739b0,  free space=1014k
Native frames: (J=compiled Java code, j=interpreted, Vv=VM code, C=native code)
C  [GLEngine+0xc0c7b]  gleRunVertexSubmitImmediate+0x137b
C  [GLEngine+0xb3d67]  gleDrawArraysOrElements_ExecCore+0x437
C  [GLEngine+0xa7fa9]  glDrawElements_GL3Exec+0x1aa
C  [libjogl_desktop.jnilib+0x15796]  Java_jogamp_opengl_gl4_GL4bcImpl_dispatch_1glDrawElements1__IIIJJ+0x56
j  jogamp.opengl.gl4.GL4bcImpl.dispatch_glDrawElements1(IIIJJ)V+0
j  jogamp.opengl.gl4.GL4bcImpl.glDrawElements(IIIJ)V+47
j  openGL.gl.GLRenderer.draw(LopenGL/objects/RenderItem;)V+82
j  openGL.gl.GLRenderer.display(Ljavax/media/opengl/GLAutoDrawable;)V+58
j  openGL.gl.GLRenderPanel$GLRenderContextEventListener.display(Ljavax/media/opengl/GLAutoDrawable;)V+5
j  jogamp.opengl.GLDrawableHelper.displayImpl(Ljavax/media/opengl/GLAutoDrawable;)V+81
j  jogamp.opengl.GLDrawableHelper.display(Ljavax/media/opengl/GLAutoDrawable;)V+2
j  javax.media.opengl.awt.GLCanvas$7.run()V+118
j  jogamp.opengl.GLDrawableHelper.invokeGLImpl(Ljavax/media/opengl/GLDrawable;Ljavax/media/opengl/GLContext;Ljava/lang/Runnable;Ljava/lang/Runnable;)V+206
j  jogamp.opengl.GLDrawableHelper.invokeGL(Ljavax/media/opengl/GLDrawable;Ljavax/media/opengl/GLContext;Ljava/lang/Runnable;Ljava/lang/Runnable;)V+80
j  javax.media.opengl.awt.GLCanvas$8.run()V+73
j  javax.media.opengl.Threading.invoke(ZLjava/lang/Runnable;Ljava/lang/Object;)V+33
j  javax.media.opengl.awt.GLCanvas.display()V+57
j  javax.media.opengl.awt.GLCanvas.paint(Ljava/awt/Graphics;)V+137
j  sun.awt.RepaintArea.paintComponent(Ljava/awt/Component;Ljava/awt/Graphics;)V+6
j  sun.lwawt.LWRepaintArea.paintComponent(Ljava/awt/Component;Ljava/awt/Graphics;)V+24
j  sun.awt.RepaintArea.paint(Ljava/lang/Object;Z)V+326
j  sun.lwawt.LWComponentPeer.handleJavaPaintEvent()V+19
j  sun.lwawt.LWComponentPeer.handleEvent(Ljava/awt/AWTEvent;)V+84
j  java.awt.Component.dispatchEventImpl(Ljava/awt/AWTEvent;)V+869
j  java.awt.Component.dispatchEvent(Ljava/awt/AWTEvent;)V+2
j  java.awt.EventQueue.dispatchEventImpl(Ljava/awt/AWTEvent;Ljava/lang/Object;)V+41
j  java.awt.EventQueue.access$200(Ljava/awt/EventQueue;Ljava/awt/AWTEvent;Ljava/lang/Object;)V+3
j  java.awt.EventQueue$3.run()Ljava/lang/Void;+12
j  java.awt.EventQueue$3.run()Ljava/lang/Object;+1
v  ~StubRoutines::call_stub
V  [libjvm.dylib+0x28852f]
V  [libjvm.dylib+0x2882fc]
V  [libjvm.dylib+0x2c33b3]
j  java.security.AccessController.doPrivileged(Ljava/security/PrivilegedAction;Ljava/security/AccessControlContext;)Ljava/lang/Object;+0
j  java.security.ProtectionDomain$1.doIntersectionPrivilege(Ljava/security/PrivilegedAction;Ljava/security/AccessControlContext;Ljava/security/AccessControlContext;)Ljava/lang/Object;+28
j  java.security.ProtectionDomain$1.doIntersectionPrivilege(Ljava/security/PrivilegedAction;Ljava/security/AccessControlContext;)Ljava/lang/Object;+6
j  java.awt.EventQueue$4.run()Ljava/lang/Void;+11
j  java.awt.EventQueue$4.run()Ljava/lang/Object;+1
v  ~StubRoutines::call_stub
V  [libjvm.dylib+0x28852f]
V  [libjvm.dylib+0x2882fc]
V  [libjvm.dylib+0x2c33b3]
j  java.security.AccessController.doPrivileged(Ljava/security/PrivilegedAction;Ljava/security/AccessControlContext;)Ljava/lang/Object;+0
j  java.security.ProtectionDomain$1.doIntersectionPrivilege(Ljava/security/PrivilegedAction;Ljava/security/AccessControlContext;Ljava/security/AccessControlContext;)Ljava/lang/Object;+28
j  java.awt.EventQueue.dispatchEvent(Ljava/awt/AWTEvent;)V+73
j  java.awt.EventDispatchThread.pumpOneEventForFilters(I)V+245
j  java.awt.EventDispatchThread.pumpEventsForFilter(ILjava/awt/Conditional;Ljava/awt/EventFilter;)V+35
j  java.awt.EventDispatchThread.pumpEventsForHierarchy(ILjava/awt/Conditional;Ljava/awt/Component;)V+11
j  java.awt.EventDispatchThread.pumpEvents(ILjava/awt/Conditional;)V+4
j  java.awt.EventDispatchThread.pumpEvents(Ljava/awt/Conditional;)V+3
j  java.awt.EventDispatchThread.run()V+9
v  ~StubRoutines::call_stub
V  [libjvm.dylib+0x28852f]
V  [libjvm.dylib+0x288a0c]
V  [libjvm.dylib+0x288b46]
V  [libjvm.dylib+0x2bf4c0]
V  [libjvm.dylib+0x478294]
V  [libjvm.dylib+0x47977a]
V  [libjvm.dylib+0x3b5191]
C  [libsystem_c.dylib+0x147a2]  _pthread_start+0x147
C  [libsystem_c.dylib+0x11e1]  thread_start+0xd

Java frames: (J=compiled Java code, j=interpreted, Vv=VM code)
j  jogamp.opengl.gl4.GL4bcImpl.dispatch_glDrawElements1(IIIJJ)V+0
j  jogamp.opengl.gl4.GL4bcImpl.glDrawElements(IIIJ)V+47
j  openGL.gl.GLRenderer.draw(LopenGL/objects/RenderItem;)V+82
j  openGL.gl.GLRenderer.display(Ljavax/media/opengl/GLAutoDrawable;)V+58
j  openGL.gl.GLRenderPanel$GLRenderContextEventListener.display(Ljavax/media/opengl/GLAutoDrawable;)V+5
j  jogamp.opengl.GLDrawableHelper.displayImpl(Ljavax/media/opengl/GLAutoDrawable;)V+81
j  jogamp.opengl.GLDrawableHelper.display(Ljavax/media/opengl/GLAutoDrawable;)V+2
j  javax.media.opengl.awt.GLCanvas$7.run()V+118
j  jogamp.opengl.GLDrawableHelper.invokeGLImpl(Ljavax/media/opengl/GLDrawable;Ljavax/media/opengl/GLContext;Ljava/lang/Runnable;Ljava/lang/Runnable;)V+206
j  jogamp.opengl.GLDrawableHelper.invokeGL(Ljavax/media/opengl/GLDrawable;Ljavax/media/opengl/GLContext;Ljava/lang/Runnable;Ljava/lang/Runnable;)V+80
j  javax.media.opengl.awt.GLCanvas$8.run()V+73
j  javax.media.opengl.Threading.invoke(ZLjava/lang/Runnable;Ljava/lang/Object;)V+33
j  javax.media.opengl.awt.GLCanvas.display()V+57
j  javax.media.opengl.awt.GLCanvas.paint(Ljava/awt/Graphics;)V+137
j  sun.awt.RepaintArea.paintComponent(Ljava/awt/Component;Ljava/awt/Graphics;)V+6
j  sun.lwawt.LWRepaintArea.paintComponent(Ljava/awt/Component;Ljava/awt/Graphics;)V+24
j  sun.awt.RepaintArea.paint(Ljava/lang/Object;Z)V+326
j  sun.lwawt.LWComponentPeer.handleJavaPaintEvent()V+19
j  sun.lwawt.LWComponentPeer.handleEvent(Ljava/awt/AWTEvent;)V+84
j  java.awt.Component.dispatchEventImpl(Ljava/awt/AWTEvent;)V+869
j  java.awt.Component.dispatchEvent(Ljava/awt/AWTEvent;)V+2
j  java.awt.EventQueue.dispatchEventImpl(Ljava/awt/AWTEvent;Ljava/lang/Object;)V+41
j  java.awt.EventQueue.access$200(Ljava/awt/EventQueue;Ljava/awt/AWTEvent;Ljava/lang/Object;)V+3
j  java.awt.EventQueue$3.run()Ljava/lang/Void;+12
j  java.awt.EventQueue$3.run()Ljava/lang/Object;+1
v  ~StubRoutines::call_stub
j  java.security.AccessController.doPrivileged(Ljava/security/PrivilegedAction;Ljava/security/AccessControlContext;)Ljava/lang/Object;+0
j  java.security.ProtectionDomain$1.doIntersectionPrivilege(Ljava/security/PrivilegedAction;Ljava/security/AccessControlContext;Ljava/security/AccessControlContext;)Ljava/lang/Object;+28
j  java.security.ProtectionDomain$1.doIntersectionPrivilege(Ljava/security/PrivilegedAction;Ljava/security/AccessControlContext;)Ljava/lang/Object;+6
j  java.awt.EventQueue$4.run()Ljava/lang/Void;+11
j  java.awt.EventQueue$4.run()Ljava/lang/Object;+1
v  ~StubRoutines::call_stub
j  java.security.AccessController.doPrivileged(Ljava/security/PrivilegedAction;Ljava/security/AccessControlContext;)Ljava/lang/Object;+0
j  java.security.ProtectionDomain$1.doIntersectionPrivilege(Ljava/security/PrivilegedAction;Ljava/security/AccessControlContext;Ljava/security/AccessControlContext;)Ljava/lang/Object;+28
j  java.awt.EventQueue.dispatchEvent(Ljava/awt/AWTEvent;)V+73
j  java.awt.EventDispatchThread.pumpOneEventForFilters(I)V+245
j  java.awt.EventDispatchThread.pumpEventsForFilter(ILjava/awt/Conditional;Ljava/awt/EventFilter;)V+35
j  java.awt.EventDispatchThread.pumpEventsForHierarchy(ILjava/awt/Conditional;Ljava/awt/Component;)V+11
j  java.awt.EventDispatchThread.pumpEvents(ILjava/awt/Conditional;)V+4
j  java.awt.EventDispatchThread.pumpEvents(Ljava/awt/Conditional;)V+3
j  java.awt.EventDispatchThread.run()V+9
v  ~StubRoutines::call_stub

---------------  P R O C E S S  ---------------

Java Threads: ( => current thread )
  0x00007fdc7b2aa800 JavaThread "DestroyJavaVM" [_thread_blocked, id=5891, stack(0x000000010a637000,0x000000010a737000)]
=>0x00007fdc7a0be000 JavaThread "AWT-EventQueue-0" [_thread_in_native, id=42755, stack(0x000000019be76000,0x000000019bf76000)]
  0x00007fdc790ab800 JavaThread "process reaper" daemon [_thread_blocked, id=41987, stack(0x000000019bcd1000,0x000000019bcf9000)]
  0x00007fdc790a8800 JavaThread "Java2D Disposer" daemon [_thread_blocked, id=41731, stack(0x000000019ba99000,0x000000019bb99000)]
  0x00007fdc7a01b000 JavaThread "Java2D Queue Flusher" daemon [_thread_blocked, id=36371, stack(0x000000019a52f000,0x000000019a62f000)]
  0x00007fdc7b086000 JavaThread "AWT-Shutdown" [_thread_blocked, id=21767, stack(0x0000000196ab4000,0x0000000196bb4000)]
  0x00007fdc7b085800 JavaThread "AWT-AppKit" daemon [_thread_blocked, id=1799, stack(0x00007fff5599b000,0x00007fff5619b000)]
  0x00007fdc7b028000 JavaThread "Service Thread" daemon [_thread_blocked, id=21251, stack(0x0000000196614000,0x0000000196714000)]
  0x00007fdc7b027000 JavaThread "C2 CompilerThread1" daemon [_thread_blocked, id=20995, stack(0x0000000196511000,0x0000000196611000)]
  0x00007fdc7b025800 JavaThread "C2 CompilerThread0" daemon [_thread_blocked, id=20739, stack(0x000000019640e000,0x000000019650e000)]
  0x00007fdc7b022800 JavaThread "Signal Dispatcher" daemon [_thread_blocked, id=20483, stack(0x000000019630b000,0x000000019640b000)]
  0x00007fdc7a84a800 JavaThread "Finalizer" daemon [_thread_blocked, id=16131, stack(0x00000001960b1000,0x00000001961b1000)]
  0x00007fdc7a84a000 JavaThread "Reference Handler" daemon [_thread_blocked, id=15875, stack(0x0000000195fae000,0x00000001960ae000)]

Other Threads:
  0x00007fdc7a847800 VMThread [stack: 0x0000000195eab000,0x0000000195fab000] [id=15619]
  0x00007fdc7b01e000 WatcherThread [stack: 0x0000000196717000,0x0000000196817000] [id=21507]

VM state:not at safepoint (normal execution)

VM Mutex/Monitor currently owned by a thread: None

Heap
 PSYoungGen      total 36800K, used 28432K [0x0000000164ee0000, 0x00000001677f0000, 0x000000018e0e0000)
  eden space 31552K, 90% used [0x0000000164ee0000,0x0000000166aa4238,0x0000000166db0000)
  from space 5248K, 0% used [0x00000001672d0000,0x00000001672d0000,0x00000001677f0000)
  to   space 5248K, 0% used [0x0000000166db0000,0x0000000166db0000,0x00000001672d0000)
 ParOldGen       total 84224K, used 0K [0x0000000112ae0000, 0x0000000117d20000, 0x0000000164ee0000)
  object space 84224K, 0% used [0x0000000112ae0000,0x0000000112ae0000,0x0000000117d20000)
 PSPermGen       total 21248K, used 15977K [0x000000010d8e0000, 0x000000010eda0000, 0x0000000112ae0000)
  object space 21248K, 75% used [0x000000010d8e0000,0x000000010e87a470,0x000000010eda0000)

Card table byte_map: [0x000000018e0e0000,0x000000018e4e5000] byte_map_base: 0x000000018d873900

Polling page: 0x000000010a776000

Code Cache  [0x000000010a80c000, 0x000000010aa7c000, 0x000000010d80c000)
 total_blobs=795 nmethods=65 adapters=682 free_code_cache=48307Kb largest_free_block=49445440

Compilation events (10 events):
Event: 1.284 Thread 0x00007fdc7b027000   60             java.util.Arrays::binarySearch0 (95 bytes)
Event: 1.284 Thread 0x00007fdc7b025800   61             sun.java2d.loops.GraphicsPrimitiveMgr$2::compare (39 bytes)
Event: 1.285 Thread 0x00007fdc7b025800 nmethod 61 0x000000010a8cdc10 code [0x000000010a8cdd60, 0x000000010a8cde58]
Event: 1.286 Thread 0x00007fdc7b027000 nmethod 60 0x000000010a8cd710 code [0x000000010a8cd860, 0x000000010a8cda18]
Event: 1.291 Thread 0x00007fdc7b025800   62             java.util.HashMap::get (29 bytes)
Event: 1.293 Thread 0x00007fdc7b025800 nmethod 62 0x000000010a8d8dd0 code [0x000000010a8d8f40, 0x000000010a8d9178]
Event: 1.356 Thread 0x00007fdc7b027000   64   !         java.io.BufferedReader::readLine (304 bytes)
Event: 1.375 Thread 0x00007fdc7b027000 nmethod 64 0x000000010a8e2450 code [0x000000010a8e2620, 0x000000010a8e3c98]
Event: 1.383 Thread 0x00007fdc7b025800   65             sun.nio.cs.SingleByte$Decoder::decode (11 bytes)
Event: 1.383 Thread 0x00007fdc7b025800 nmethod 65 0x000000010a8d9710 code [0x000000010a8d9860, 0x000000010a8d9918]

GC Heap History (0 events):
No events

Deoptimization events (0 events):
No events

Internal exceptions (10 events):
Event: 1.342 Thread 0x00007fdc7a0be000 Threw 0x0000000166932bc8 at /HUDSON/workspace/jdk7u13-2-build-macosx-amd64-product/jdk7u13/hotspot/src/share/vm/prims/jvm.cpp:1166
Event: 1.343 Thread 0x00007fdc7a0be000 Threw 0x0000000166941cc0 at /HUDSON/workspace/jdk7u13-2-build-macosx-amd64-product/jdk7u13/hotspot/src/share/vm/prims/jvm.cpp:1166
Event: 1.344 Thread 0x00007fdc7a0be000 Threw 0x000000016694e040 at /HUDSON/workspace/jdk7u13-2-build-macosx-amd64-product/jdk7u13/hotspot/src/share/vm/prims/jvm.cpp:1166
Event: 1.345 Thread 0x00007fdc7a0be000 Threw 0x000000016695abf0 at /HUDSON/workspace/jdk7u13-2-build-macosx-amd64-product/jdk7u13/hotspot/src/share/vm/prims/jvm.cpp:1166
Event: 1.345 Thread 0x00007fdc7a0be000 Threw 0x0000000166960a28 at /HUDSON/workspace/jdk7u13-2-build-macosx-amd64-product/jdk7u13/hotspot/src/share/vm/prims/jvm.cpp:1166
Event: 1.347 Thread 0x00007fdc7a0be000 Threw 0x0000000166966530 at /HUDSON/workspace/jdk7u13-2-build-macosx-amd64-product/jdk7u13/hotspot/src/share/vm/prims/jvm.cpp:1166
Event: 1.348 Thread 0x00007fdc7a0be000 Threw 0x000000016696ff08 at /HUDSON/workspace/jdk7u13-2-build-macosx-amd64-product/jdk7u13/hotspot/src/share/vm/prims/jvm.cpp:1166
Event: 1.348 Thread 0x00007fdc7a0be000 Threw 0x00000001669774d0 at /HUDSON/workspace/jdk7u13-2-build-macosx-amd64-product/jdk7u13/hotspot/src/share/vm/prims/jvm.cpp:1166
Event: 1.351 Thread 0x00007fdc7a0be000 Threw 0x000000016697a1c0 at /HUDSON/workspace/jdk7u13-2-build-macosx-amd64-product/jdk7u13/hotspot/src/share/vm/prims/jvm.cpp:1166
Event: 1.374 Thread 0x00007fdc7a0be000 Threw 0x0000000166a269a0 at /HUDSON/workspace/jdk7u13-2-build-macosx-amd64-product/jdk7u13/hotspot/src/share/vm/prims/jvm.cpp:1166

Events (10 events):
Event: 1.348 loading class 0x00007fdc79e41ac0
Event: 1.348 loading class 0x00007fdc79e41ac0 done
Event: 1.348 loading class 0x00007fdc79ef0570
Event: 1.348 loading class 0x00007fdc79ef0570 done
Event: 1.351 loading class 0x00007fdc79e41b50
Event: 1.351 loading class 0x00007fdc79e41b50 done
Event: 1.374 loading class 0x00007fdc79ec37b0
Event: 1.374 loading class 0x00007fdc79ec37b0 done
Event: 1.374 loading class 0x00007fdc79cbdff0
Event: 1.374 loading class 0x00007fdc79cbdff0 done


Dynamic libraries:
0x000000000458e000 	/System/Library/Frameworks/Cocoa.framework/Versions/A/Cocoa
0x000000000458e000 	/System/Library/Frameworks/Security.framework/Versions/A/Security
0x000000000458e000 	/System/Library/Frameworks/ApplicationServices.framework/Versions/A/ApplicationServices
0x000000000458e000 	/usr/lib/libz.1.dylib
0x000000000458e000 	/usr/lib/libSystem.B.dylib
0x000000000458e000 	/usr/lib/libobjc.A.dylib
0x000000000458e000 	/System/Library/Frameworks/CoreFoundation.framework/Versions/A/CoreFoundation
0x000000000458e000 	/System/Library/Frameworks/AppKit.framework/Versions/C/AppKit
0x000000000458e000 	/System/Library/Frameworks/CoreData.framework/Versions/A/CoreData
0x000000000458e000 	/System/Library/Frameworks/Foundation.framework/Versions/C/Foundation
0x000000000458e000 	/System/Library/PrivateFrameworks/RemoteViewServices.framework/Versions/A/RemoteViewServices
0x000000000458e000 	/System/Library/Frameworks/AudioToolbox.framework/Versions/A/AudioToolbox
0x000000000458e000 	/System/Library/Frameworks/AudioUnit.framework/Versions/A/AudioUnit
0x000000000458e000 	/System/Library/PrivateFrameworks/DataDetectorsCore.framework/Versions/A/DataDetectorsCore
0x000000000458e000 	/System/Library/PrivateFrameworks/DesktopServicesPriv.framework/Versions/A/DesktopServicesPriv
0x000000000458e000 	/System/Library/Frameworks/Carbon.framework/Versions/A/Frameworks/HIToolbox.framework/Versions/A/HIToolbox
0x000000000458e000 	/System/Library/Frameworks/QuartzCore.framework/Versions/A/QuartzCore
0x000000000458e000 	/System/Library/Frameworks/Carbon.framework/Versions/A/Frameworks/SpeechRecognition.framework/Versions/A/SpeechRecognition
0x000000000458e000 	/usr/lib/libauto.dylib
0x000000000458e000 	/usr/lib/libicucore.A.dylib
0x000000000458e000 	/usr/lib/libxml2.2.dylib
0x000000000458e000 	/System/Library/PrivateFrameworks/CoreUI.framework/Versions/A/CoreUI
0x000000000458e000 	/System/Library/Frameworks/CoreAudio.framework/Versions/A/CoreAudio
0x000000000458e000 	/System/Library/Frameworks/DiskArbitration.framework/Versions/A/DiskArbitration
0x000000000458e000 	/usr/lib/liblangid.dylib
0x000000000458e000 	/System/Library/PrivateFrameworks/MultitouchSupport.framework/Versions/A/MultitouchSupport
0x000000000458e000 	/System/Library/Frameworks/IOKit.framework/Versions/A/IOKit
0x000000000458e000 	/usr/lib/libDiagnosticMessagesClient.dylib
0x000000000458e000 	/System/Library/Frameworks/CoreServices.framework/Versions/A/CoreServices
0x000000000458e000 	/System/Library/PrivateFrameworks/PerformanceAnalysis.framework/Versions/A/PerformanceAnalysis
0x000000000458e000 	/System/Library/PrivateFrameworks/GenerationalStorage.framework/Versions/A/GenerationalStorage
0x000000000458e000 	/System/Library/Frameworks/OpenGL.framework/Versions/A/OpenGL
0x000000000458e000 	/System/Library/Frameworks/CoreText.framework/Versions/A/CoreText
0x000000000458e000 	/System/Library/Frameworks/ImageIO.framework/Versions/A/ImageIO
0x000000000458e000 	/System/Library/PrivateFrameworks/Backup.framework/Versions/A/Backup
0x000000000458e000 	/System/Library/Frameworks/CFNetwork.framework/Versions/A/CFNetwork
0x000000000458e000 	/System/Library/Frameworks/SystemConfiguration.framework/Versions/A/SystemConfiguration
0x000000000458e000 	/usr/lib/libCRFSuite.dylib
0x000000000458e000 	/System/Library/PrivateFrameworks/TCC.framework/Versions/A/TCC
0x000000000458e000 	/usr/lib/libc++.1.dylib
0x000000000458e000 	/usr/lib/libc++abi.dylib
0x000000000458e000 	/usr/lib/system/libcache.dylib
0x000000000458e000 	/usr/lib/system/libcommonCrypto.dylib
0x000000000458e000 	/usr/lib/system/libcompiler_rt.dylib
0x000000000458e000 	/usr/lib/system/libcopyfile.dylib
0x000000000458e000 	/usr/lib/system/libdispatch.dylib
0x000000000458e000 	/usr/lib/system/libdnsinfo.dylib
0x000000000458e000 	/usr/lib/system/libdyld.dylib
0x000000000458e000 	/usr/lib/system/libkeymgr.dylib
0x000000000458e000 	/usr/lib/system/liblaunch.dylib
0x000000000458e000 	/usr/lib/system/libmacho.dylib
0x000000000458e000 	/usr/lib/system/libquarantine.dylib
0x000000000458e000 	/usr/lib/system/libremovefile.dylib
0x000000000458e000 	/usr/lib/system/libsystem_blocks.dylib
0x000000000458e000 	/usr/lib/system/libsystem_c.dylib
0x000000000458e000 	/usr/lib/system/libsystem_dnssd.dylib
0x000000000458e000 	/usr/lib/system/libsystem_info.dylib
0x000000000458e000 	/usr/lib/system/libsystem_kernel.dylib
0x000000000458e000 	/usr/lib/system/libsystem_m.dylib
0x000000000458e000 	/usr/lib/system/libsystem_network.dylib
0x000000000458e000 	/usr/lib/system/libsystem_notify.dylib
0x000000000458e000 	/usr/lib/system/libsystem_sandbox.dylib
0x000000000458e000 	/usr/lib/system/libunc.dylib
0x000000000458e000 	/usr/lib/system/libunwind.dylib
0x000000000458e000 	/usr/lib/system/libxpc.dylib
0x000000000458e000 	/usr/lib/system/libcorecrypto.dylib
0x000000000458e000 	/usr/lib/libstdc++.6.dylib
0x000000000458e000 	/usr/lib/libbsm.0.dylib
0x000000000458e000 	/usr/lib/libsqlite3.dylib
0x000000000458e000 	/usr/lib/libxar.1.dylib
0x000000000458e000 	/usr/lib/libpam.2.dylib
0x000000000458e000 	/usr/lib/libOpenScriptingUtil.dylib
0x000000000458e000 	/usr/lib/libbz2.1.0.dylib
0x000000000458e000 	/System/Library/Frameworks/CoreServices.framework/Versions/A/Frameworks/CarbonCore.framework/Versions/A/CarbonCore
0x000000000458e000 	/System/Library/Frameworks/CoreServices.framework/Versions/A/Frameworks/Metadata.framework/Versions/A/Metadata
0x000000000458e000 	/System/Library/Frameworks/CoreServices.framework/Versions/A/Frameworks/OSServices.framework/Versions/A/OSServices
0x000000000458e000 	/System/Library/Frameworks/CoreServices.framework/Versions/A/Frameworks/SearchKit.framework/Versions/A/SearchKit
0x000000000458e000 	/System/Library/Frameworks/CoreServices.framework/Versions/A/Frameworks/AE.framework/Versions/A/AE
0x000000000458e000 	/System/Library/Frameworks/CoreServices.framework/Versions/A/Frameworks/LaunchServices.framework/Versions/A/LaunchServices
0x000000000458e000 	/System/Library/Frameworks/CoreServices.framework/Versions/A/Frameworks/DictionaryServices.framework/Versions/A/DictionaryServices
0x000000000458e000 	/System/Library/Frameworks/NetFS.framework/Versions/A/NetFS
0x000000000458e000 	/usr/lib/system/libkxld.dylib
0x000000000458e000 	/System/Library/PrivateFrameworks/NetAuth.framework/Versions/A/NetAuth
0x000000000458e000 	/System/Library/Frameworks/OpenDirectory.framework/Versions/A/Frameworks/CFOpenDirectory.framework/Versions/A/CFOpenDirectory
0x000000000458e000 	/usr/lib/libxslt.1.dylib
0x000000000458e000 	/System/Library/PrivateFrameworks/FamilyControls.framework/Versions/A/FamilyControls
0x000000000458e000 	/System/Library/Frameworks/Carbon.framework/Versions/A/Frameworks/Ink.framework/Versions/A/Ink
0x000000000458e000 	/System/Library/Frameworks/ApplicationServices.framework/Versions/A/Frameworks/CoreGraphics.framework/Versions/A/CoreGraphics
0x000000000458e000 	/System/Library/Frameworks/ApplicationServices.framework/Versions/A/Frameworks/ATS.framework/Versions/A/ATS
0x000000000458e000 	/System/Library/Frameworks/ApplicationServices.framework/Versions/A/Frameworks/ColorSync.framework/Versions/A/ColorSync
0x000000000458e000 	/System/Library/Frameworks/ApplicationServices.framework/Versions/A/Frameworks/HIServices.framework/Versions/A/HIServices
0x000000000458e000 	/System/Library/Frameworks/ApplicationServices.framework/Versions/A/Frameworks/LangAnalysis.framework/Versions/A/LangAnalysis
0x000000000458e000 	/System/Library/Frameworks/ApplicationServices.framework/Versions/A/Frameworks/PrintCore.framework/Versions/A/PrintCore
0x000000000458e000 	/System/Library/Frameworks/ApplicationServices.framework/Versions/A/Frameworks/QD.framework/Versions/A/QD
0x000000000458e000 	/System/Library/Frameworks/ApplicationServices.framework/Versions/A/Frameworks/SpeechSynthesis.framework/Versions/A/SpeechSynthesis
0x000000000458e000 	/System/Library/Frameworks/IOSurface.framework/Versions/A/IOSurface
0x000000000458e000 	/System/Library/Frameworks/Accelerate.framework/Versions/A/Accelerate
0x000000000458e000 	/System/Library/Frameworks/ApplicationServices.framework/Versions/A/Frameworks/ATS.framework/Versions/A/Resources/libFontParser.dylib
0x000000000458e000 	/System/Library/Frameworks/ApplicationServices.framework/Versions/A/Frameworks/ATS.framework/Versions/A/Resources/libFontRegistry.dylib
0x000000000458e000 	/System/Library/Frameworks/Accelerate.framework/Versions/A/Frameworks/vImage.framework/Versions/A/vImage
0x000000000458e000 	/System/Library/Frameworks/Accelerate.framework/Versions/A/Frameworks/vecLib.framework/Versions/A/vecLib
0x000000000458e000 	/System/Library/Frameworks/Accelerate.framework/Versions/A/Frameworks/vecLib.framework/Versions/A/libvDSP.dylib
0x000000000458e000 	/System/Library/Frameworks/Accelerate.framework/Versions/A/Frameworks/vecLib.framework/Versions/A/libvMisc.dylib
0x000000000458e000 	/System/Library/Frameworks/Accelerate.framework/Versions/A/Frameworks/vecLib.framework/Versions/A/libLAPACK.dylib
0x000000000458e000 	/System/Library/Frameworks/Accelerate.framework/Versions/A/Frameworks/vecLib.framework/Versions/A/libBLAS.dylib
0x000000000458e000 	/System/Library/Frameworks/ImageIO.framework/Versions/A/Resources/libJPEG.dylib
0x000000000458e000 	/System/Library/Frameworks/ImageIO.framework/Versions/A/Resources/libTIFF.dylib
0x000000000458e000 	/System/Library/Frameworks/ImageIO.framework/Versions/A/Resources/libPng.dylib
0x000000000458e000 	/System/Library/Frameworks/ImageIO.framework/Versions/A/Resources/libGIF.dylib
0x000000000458e000 	/System/Library/Frameworks/ImageIO.framework/Versions/A/Resources/libJP2.dylib
0x000000000458e000 	/System/Library/Frameworks/ImageIO.framework/Versions/A/Resources/libRadiance.dylib
0x000000000458e000 	/usr/lib/libcups.2.dylib
0x000000000458e000 	/System/Library/Frameworks/Kerberos.framework/Versions/A/Kerberos
0x000000000458e000 	/System/Library/Frameworks/GSS.framework/Versions/A/GSS
0x000000000458e000 	/usr/lib/libresolv.9.dylib
0x000000000458e000 	/usr/lib/libiconv.2.dylib
0x000000000458e000 	/System/Library/PrivateFrameworks/Heimdal.framework/Versions/A/Heimdal
0x000000000458e000 	/System/Library/PrivateFrameworks/TrustEvaluationAgent.framework/Versions/A/TrustEvaluationAgent
0x000000000458e000 	/System/Library/Frameworks/OpenDirectory.framework/Versions/A/OpenDirectory
0x000000000458e000 	/System/Library/PrivateFrameworks/CommonAuth.framework/Versions/A/CommonAuth
0x000000000458e000 	/System/Library/PrivateFrameworks/Bom.framework/Versions/A/Bom
0x000000000458e000 	/System/Library/Frameworks/CoreVideo.framework/Versions/A/CoreVideo
0x000000000458e000 	/System/Library/Frameworks/QuartzCore.framework/Versions/A/Frameworks/CoreImage.framework/Versions/A/CoreImage
0x000000000458e000 	/System/Library/Frameworks/QuartzCore.framework/Versions/A/Frameworks/ScalableUserInterface.framework/Versions/A/ScalableUserInterface
0x000000000458e000 	/System/Library/Frameworks/OpenGL.framework/Versions/A/Libraries/libGLU.dylib
0x000000000458e000 	/System/Library/Frameworks/OpenGL.framework/Versions/A/Libraries/libGFXShared.dylib
0x000000000458e000 	/System/Library/Frameworks/OpenGL.framework/Versions/A/Libraries/libGL.dylib
0x000000000458e000 	/System/Library/Frameworks/OpenGL.framework/Versions/A/Libraries/libGLImage.dylib
0x000000000458e000 	/System/Library/Frameworks/OpenGL.framework/Versions/A/Libraries/libCVMSPluginSupport.dylib
0x000000000458e000 	/System/Library/Frameworks/OpenGL.framework/Versions/A/Libraries/libCoreVMClient.dylib
0x000000000458e000 	/System/Library/PrivateFrameworks/CrashReporterSupport.framework/Versions/A/CrashReporterSupport
0x000000000458e000 	/System/Library/Frameworks/OpenCL.framework/Versions/A/OpenCL
0x000000000458e000 	/System/Library/PrivateFrameworks/FaceCoreLight.framework/Versions/A/FaceCoreLight
0x000000000458e000 	/System/Library/PrivateFrameworks/AppleFSCompression.framework/Versions/A/AppleFSCompression
0x000000000458e000 	/System/Library/PrivateFrameworks/Ubiquity.framework/Versions/A/Ubiquity
0x000000000458e000 	/System/Library/Frameworks/ServiceManagement.framework/Versions/A/ServiceManagement
0x000000000458e000 	/System/Library/PrivateFrameworks/ChunkingLibrary.framework/Versions/A/ChunkingLibrary
0x000000000458e000 	/System/Library/Frameworks/vecLib.framework/Versions/A/vecLib
0x000000000458e000 	/System/Library/Frameworks/SecurityFoundation.framework/Versions/A/SecurityFoundation
0x000000000458e000 	/System/Library/PrivateFrameworks/CommerceKit.framework/Versions/A/Frameworks/CommerceCore.framework/Versions/A/CommerceCore
0x000000000458e000 	/System/Library/PrivateFrameworks/CoreSymbolication.framework/Versions/A/CoreSymbolication
0x000000000458e000 	/System/Library/PrivateFrameworks/Symbolication.framework/Versions/A/Symbolication
0x000000000458e000 	/System/Library/PrivateFrameworks/DebugSymbols.framework/Versions/A/DebugSymbols
0x0000000109b8f000 	/Library/Java/JavaVirtualMachines/jdk1.7.0_13.jdk/Contents/Home/jre/lib/server/libjvm.dylib
0x000000010a739000 	/Library/Java/JavaVirtualMachines/jdk1.7.0_13.jdk/Contents/Home/jre/lib/libverify.dylib
0x000000010a746000 	/Library/Java/JavaVirtualMachines/jdk1.7.0_13.jdk/Contents/Home/jre/lib/libjava.dylib
0x000000010a803000 	/Library/Java/JavaVirtualMachines/jdk1.7.0_13.jdk/Contents/Home/jre/lib/libzip.dylib
0x00000001961b3000 	/System/Library/Frameworks/JavaVM.framework/Frameworks/JavaRuntimeSupport.framework/JavaRuntimeSupport
0x00000001961cb000 	/System/Library/Frameworks/JavaVM.framework/Versions/A/Frameworks/JavaNativeFoundation.framework/Versions/A/JavaNativeFoundation
0x00000001961e0000 	/System/Library/Frameworks/JavaVM.framework/Versions/A/JavaVM
0x000000000458e000 	/System/Library/Frameworks/Carbon.framework/Versions/A/Carbon
0x00000001961ed000 	/System/Library/PrivateFrameworks/JavaLaunching.framework/Versions/A/JavaLaunching
0x000000000458e000 	/System/Library/Frameworks/Carbon.framework/Versions/A/Frameworks/CommonPanels.framework/Versions/A/CommonPanels
0x000000000458e000 	/System/Library/Frameworks/Carbon.framework/Versions/A/Frameworks/Help.framework/Versions/A/Help
0x000000000458e000 	/System/Library/Frameworks/Carbon.framework/Versions/A/Frameworks/ImageCapture.framework/Versions/A/ImageCapture
0x000000000458e000 	/System/Library/Frameworks/Carbon.framework/Versions/A/Frameworks/OpenScripting.framework/Versions/A/OpenScripting
0x000000000458e000 	/System/Library/Frameworks/Carbon.framework/Versions/A/Frameworks/Print.framework/Versions/A/Print
0x000000000458e000 	/System/Library/Frameworks/Carbon.framework/Versions/A/Frameworks/SecurityHI.framework/Versions/A/SecurityHI
0x0000000196863000 	/Library/Java/JavaVirtualMachines/jdk1.7.0_13.jdk/Contents/Home/jre/lib/libawt.dylib
0x0000000196912000 	/Library/Java/JavaVirtualMachines/jdk1.7.0_13.jdk/Contents/Home/jre/lib/./libmlib_image.dylib
0x00000001969de000 	/Library/Java/JavaVirtualMachines/jdk1.7.0_13.jdk/Contents/Home/jre/lib/lwawt/liblwawt.dylib
0x0000000196a90000 	/Library/Java/JavaVirtualMachines/jdk1.7.0_13.jdk/Contents/Home/jre/lib/libosxapp.dylib
0x0000000196aac000 	/System/Library/Frameworks/ExceptionHandling.framework/Versions/A/ExceptionHandling
0x000000000458e000 	/System/Library/PrivateFrameworks/CoreServicesInternal.framework/Versions/A/CoreServicesInternal
0x000000000458e000 	/System/Library/PrivateFrameworks/Librarian.framework/Versions/A/Librarian
0x000000000458e000 	/System/Library/Frameworks/ApplicationServices.framework/Versions/A/Frameworks/CoreGraphics.framework/Versions/A/Resources/libCSync.A.dylib
0x000000000458e000 	/System/Library/Frameworks/ApplicationServices.framework/Versions/A/Frameworks/CoreGraphics.framework/Versions/A/Resources/libRIP.A.dylib
0x000000000458e000 	/System/Library/Frameworks/ApplicationServices.framework/Versions/A/Frameworks/CoreGraphics.framework/Versions/A/Resources/libCGXType.A.dylib
0x000000019a631000 	/System/Library/Frameworks/OpenGL.framework/Resources/GLEngine.bundle/GLEngine
0x000000019a826000 	/System/Library/Frameworks/OpenGL.framework/Versions/A/Libraries/libGLProgrammability.dylib
0x0000000000000000 	/System/Library/Extensions/GeForceGLDriver.bundle/Contents/MacOS/GeForceGLDriver
0x0000000197f90000 	/System/Library/PrivateFrameworks/GPUSupport.framework/Versions/A/Libraries/libGPUSupport.dylib
0x000000000458e000 	/System/Library/Extensions/GeForceGLDriver.bundle/Contents/MacOS/libclh.dylib
0x000000019a9ce000 	/System/Library/Extensions/AppleIntelHD4000GraphicsGLDriver.bundle/Contents/MacOS/AppleIntelHD4000GraphicsGLDriver
0x0000000197fa5000 	/System/Library/PrivateFrameworks/IOAccelerator.framework/Versions/A/IOAccelerator
0x0000000198c1f000 	/System/Library/PrivateFrameworks/GPUSupport.framework/Versions/A/Libraries/libGPUSupportMercury.dylib
0x000000019b3c9000 	/System/Library/Frameworks/OpenGL.framework/Resources//GLRendererFloat.bundle/GLRendererFloat
0x0000000198c33000 	/System/Library/Frameworks/OpenCL.framework/Versions/A/Libraries/libcldcpuengine.dylib
0x000000000458e000 	/System/Library/PrivateFrameworks/DiskImages.framework/Versions/A/DiskImages
0x000000000458e000 	/System/Library/Frameworks/DiscRecording.framework/Versions/A/DiscRecording
0x000000000458e000 	/usr/lib/libcurl.4.dylib
0x000000000458e000 	/System/Library/PrivateFrameworks/MediaKit.framework/Versions/A/MediaKit
0x000000000458e000 	/usr/lib/libssl.0.9.8.dylib
0x000000000458e000 	/usr/lib/libcrypto.0.9.8.dylib
0x000000000458e000 	/System/Library/Frameworks/LDAP.framework/Versions/A/LDAP
0x000000000458e000 	/usr/lib/libsasl2.2.dylib
0x000000019bb9b000 	/Library/Java/JavaVirtualMachines/jdk1.7.0_13.jdk/Contents/Home/jre/lib/libfontmanager.dylib
0x000000019bbe7000 	/Library/Java/JavaVirtualMachines/jdk1.7.0_13.jdk/Contents/Home/jre/lib/libosxui.dylib
0x000000019bcfb000 	/Library/Java/JavaVirtualMachines/jdk1.7.0_13.jdk/Contents/Home/jre/lib/libnet.dylib
0x000000019bd58000 	/Library/Java/JavaVirtualMachines/jdk1.7.0_13.jdk/Contents/Home/jre/lib/libnio.dylib
0x000000019bd67000 	/private/var/folders/kp/z4l1yzp95m1f3jpwgk7j0nz40000gn/T/jogamp_0000/file_cache/jln848946787163817422/jln4926056351793881517/libgluegen-rt.jnilib
0x000000019be6e000 	/private/var/folders/kp/z4l1yzp95m1f3jpwgk7j0nz40000gn/T/jogamp_0000/file_cache/jln848946787163817422/jln4926056351793881517/libnativewindow_awt.jnilib
0x000000019be72000 	/Library/Java/JavaVirtualMachines/jdk1.7.0_13.jdk/Contents/Home/jre/lib/libjawt.dylib
0x000000019bf78000 	/private/var/folders/kp/z4l1yzp95m1f3jpwgk7j0nz40000gn/T/jogamp_0000/file_cache/jln848946787163817422/jln4926056351793881517/libnativewindow_macosx.jnilib
0x000000019bfb2000 	/private/var/folders/kp/z4l1yzp95m1f3jpwgk7j0nz40000gn/T/jogamp_0000/file_cache/jln848946787163817422/jln4926056351793881517/libjogl_desktop.jnilib
0x000000019db0c000 	cl_kernels
0x000000019f1d8000 	/System/Library/Frameworks/OpenCL.framework/Versions/A/Libraries/ImageFormats/unorm8_bgra.dylib
0x000000019db13000 	cl_kernels

VM Arguments:
jvm_args: -Dfile.encoding=MacRoman 
java_command: assignment2.Assignment2
Launcher Type: SUN_STANDARD

Environment Variables:
PATH=/usr/bin:/bin:/usr/sbin:/sbin
SHELL=/bin/bash
DISPLAY=/tmp/launch-dN1WX1/org.macosforge.xquartz:0

Signal Handlers:
SIGSEGV: [libjvm.dylib+0x4a361d], sa_mask[0]=0xfffefeff, sa_flags=0x00000042
SIGBUS: [libjvm.dylib+0x4a361d], sa_mask[0]=0xfffefeff, sa_flags=0x00000042
SIGFPE: [libjvm.dylib+0x3b302d], sa_mask[0]=0xfffefeff, sa_flags=0x00000042
SIGPIPE: [libjvm.dylib+0x3b302d], sa_mask[0]=0xfffefeff, sa_flags=0x00000042
SIGXFSZ: [libjvm.dylib+0x3b302d], sa_mask[0]=0xfffefeff, sa_flags=0x00000042
SIGILL: [libjvm.dylib+0x3b302d], sa_mask[0]=0xfffefeff, sa_flags=0x00000042
SIGUSR1: SIG_DFL, sa_mask[0]=0x00000000, sa_flags=0x00000002
SIGUSR2: [libjvm.dylib+0x3b2bc6], sa_mask[0]=0x00000004, sa_flags=0x00000042
SIGHUP: [libjvm.dylib+0x3b0e27], sa_mask[0]=0xfffefeff, sa_flags=0x00000042
SIGINT: [libjvm.dylib+0x3b0e27], sa_mask[0]=0xfffefeff, sa_flags=0x00000042
SIGTERM: [libjvm.dylib+0x3b0e27], sa_mask[0]=0xfffefeff, sa_flags=0x00000042
SIGQUIT: [libjvm.dylib+0x3b0e27], sa_mask[0]=0xfffefeff, sa_flags=0x00000042


---------------  S Y S T E M  ---------------

OS:Bsduname:Darwin 12.4.0 Darwin Kernel Version 12.4.0: Wed May  1 17:57:12 PDT 2013; root:xnu-2050.24.15~1/RELEASE_X86_64 x86_64
rlimit: STACK 8192k, CORE 0k, NPROC 709, NOFILE 10240, AS infinity
load average:0.92 1.19 1.78

CPU:total 8 (4 cores per cpu, 2 threads per core) family 6 model 58 stepping 9, cmov, cx8, fxsr, mmx, sse, sse2, sse3, ssse3, sse4.1, sse4.2, popcnt, avx, ht, tsc, tscinvbit, tscinv

Memory: 4k page, physical 8081120k(2020280k free)

/proc/meminfo:


vm_info: Java HotSpot(TM) 64-Bit Server VM (23.7-b01) for bsd-amd64 JRE (1.7.0_13-b20), built on Jan 30 2013 01:14:41 by "java_re" with gcc 4.2.1 (Based on Apple Inc. build 5658) (LLVM build 2336.9.00)

time: Wed Oct  9 00:27:04 2013
elapsed time: 1 seconds

